<?xml version="1.0" encoding="UTF-8"?>
<!-- Generated by org.testng.reporters.JUnitXMLReporter -->
<testsuite ignored="2" hostname="DESKTOP-LBD5C48" failures="0" tests="2" name="Test" time="85.757" errors="0" timestamp="2023-03-13T17:35:18 IST">
  <testcase classname="com.pc360.ttw.tests.LaunchApp_Test" name="launchApp" time="0.282"/>
  <testcase classname="com.pc360.ttw.tests.Home_Test" name="homePage" time="85.384"/>
  <testcase classname="com.pc360.ttw.base.BaseClass" name="@BeforeSuite setupBrowser" time="0.0">
    <ignored/>
  </testcase> <!-- @BeforeSuite setupBrowser -->
  <testcase classname="com.pc360.ttw.base.BaseClass" name="@AfterSuite teardown" time="0.0">
    <ignored/>
  </testcase> <!-- @AfterSuite teardown -->
</testsuite> <!-- Test -->
