<?xml version="1.0" encoding="UTF-8"?>
<testng-results ignored="0" total="1" passed="1" failed="0" skipped="0">
  <reporter-output>
  </reporter-output>
  <suite started-at="2023-03-14T15:50:03 IST" name="The Tennis Wizard" finished-at="2023-03-14T15:50:35 IST" duration-ms="31217">
    <groups>
    </groups>
    <test started-at="2023-03-14T15:50:03 IST" name="TTW Test Cases" finished-at="2023-03-14T15:50:35 IST" duration-ms="31217">
      <class name="com.pc360.ttw.tests.LaunchApp_Test">
        <test-method is-config="true" signature="setupBrowser()[pri:0, instance:com.pc360.ttw.tests.LaunchApp_Test@312aa7c]" started-at="2023-03-14T15:50:03 IST" name="setupBrowser" finished-at="2023-03-14T15:50:29 IST" duration-ms="25253" status="PASS">
          <reporter-output>
          </reporter-output>
        </test-method> <!-- setupBrowser -->
        <test-method signature="launchApp()[pri:0, instance:com.pc360.ttw.tests.LaunchApp_Test@312aa7c]" started-at="2023-03-14T15:50:29 IST" name="launchApp" finished-at="2023-03-14T15:50:29 IST" duration-ms="113" status="PASS">
          <reporter-output>
          </reporter-output>
        </test-method> <!-- launchApp -->
        <test-method is-config="true" signature="teardown()[pri:0, instance:com.pc360.ttw.tests.LaunchApp_Test@312aa7c]" started-at="2023-03-14T15:50:29 IST" name="teardown" finished-at="2023-03-14T15:50:35 IST" duration-ms="5772" status="PASS">
          <reporter-output>
          </reporter-output>
        </test-method> <!-- teardown -->
      </class> <!-- com.pc360.ttw.tests.LaunchApp_Test -->
    </test> <!-- TTW Test Cases -->
  </suite> <!-- The Tennis Wizard -->
</testng-results>
